<?xml version="1.0" encoding="UTF-8"?>
<testsuites>
  <testsuite name="" tests="8" assertions="11" errors="0" warnings="1" failures="0" skipped="0" time="3.435490">
    <testsuite name="CodeIgniter Application Test Suite" tests="8" assertions="11" errors="0" warnings="1" failures="0" skipped="0" time="3.435490">
      <testsuite name="DataProcessorTest_test" file="/var/www/html/tasks/tests/controllers/DataProcessorTest_test.php" tests="1" assertions="5" errors="0" warnings="0" failures="0" skipped="0" time="0.047527">
        <testcase name="testDataProcessorProcess_Subclass" class="DataProcessorTest_test" classname="DataProcessorTest_test" file="/var/www/html/tasks/tests/controllers/DataProcessorTest_test.php" line="37" assertions="5" time="0.047527">
          <system-out> mock_dr@DataProcessorTest_test={"data": [4,5,6]}</system-out>
        </testcase>
      </testsuite>
      <testsuite name="Login_test" file="/var/www/html/tasks/tests/controllers/Login_test.php" tests="1" assertions="1" errors="0" warnings="0" failures="0" skipped="0" time="1.121309">
        <testcase name="test_login" class="Login_test" classname="Login_test" file="/var/www/html/tasks/tests/controllers/Login_test.php" line="14" assertions="1" time="1.121309">
          <system-out>output=logged_in=1</system-out>
        </testcase>
      </testsuite>
      <testsuite name="Projects_test" file="/var/www/html/tasks/tests/controllers/Projects_test.php" tests="1" assertions="1" errors="0" warnings="0" failures="0" skipped="0" time="0.024806">
        <testcase name="test_projects" class="Projects_test" classname="Projects_test" file="/var/www/html/tasks/tests/controllers/Projects_test.php" line="14" assertions="1" time="0.024806">
          <system-out>output=project_inserted&lt;p class="bg-danger"&gt;The project has been added&lt;/p&gt;</system-out>
        </testcase>
      </testsuite>
      <testsuite name="Register_test" file="/var/www/html/tasks/tests/controllers/Register_test.php" tests="1" assertions="1" errors="0" warnings="0" failures="0" skipped="0" time="2.217187">
        <testcase name="test_register" class="Register_test" classname="Register_test" file="/var/www/html/tasks/tests/controllers/Register_test.php" line="14" assertions="1" time="2.217187"/>
      </testsuite>
      <testsuite name="Users_test" file="/var/www/html/tasks/tests/controllers/Users_test.php" tests="1" assertions="0" errors="0" warnings="1" failures="0" skipped="0" time="0.001679">
        <testcase name="Warning" assertions="0" time="0.001679">
          <warning type="PHPUnit\Framework\Warning">Warning
No tests found in class "Users_test".</warning>
        </testcase>
      </testsuite>
      <testsuite name="Welcome_test" file="/var/www/html/tasks/tests/controllers/Welcome_test.php" tests="3" assertions="3" errors="0" warnings="0" failures="0" skipped="0" time="0.022982">
        <testcase name="test_index" class="Welcome_test" classname="Welcome_test" file="/var/www/html/tasks/tests/controllers/Welcome_test.php" line="13" assertions="1" time="0.008620">
          <system-out>this is Welcome Class......</system-out>
        </testcase>
        <testcase name="test_method_404" class="Welcome_test" classname="Welcome_test" file="/var/www/html/tasks/tests/controllers/Welcome_test.php" line="19" assertions="1" time="0.011088"/>
        <testcase name="test_APPPATH" class="Welcome_test" classname="Welcome_test" file="/var/www/html/tasks/tests/controllers/Welcome_test.php" line="25" assertions="1" time="0.003274"/>
      </testsuite>
    </testsuite>
  </testsuite>
</testsuites>
